# JRE version: OpenJDK Runtime Environment (8.0_202-b03) (build 1.8.0_202-release-1483-b03)
# Java VM: OpenJDK 64-Bit Server VM (25.202-b03 mixed mode windows-amd64 compressed oops)
Heap:
 PSYoungGen      total 231936K, used 98270K [0x00000000e0000000, 0x00000000f0400000, 0x0000000100000000)
  eden space 212480K, 37% used [0x00000000e0000000,0x00000000e4cffb88,0x00000000ecf80000)
  from space 19456K, 99% used [0x00000000ef100000,0x00000000f03f8050,0x00000000f0400000)
  to   space 25088K, 0% used [0x00000000ed300000,0x00000000ed300000,0x00000000eeb80000)
 ParOldGen       total 117760K, used 47057K [0x00000000a0000000, 0x00000000a7300000, 0x00000000e0000000)
  object space 117760K, 39% used [0x00000000a0000000,0x00000000a2df47c8,0x00000000a7300000)
 Metaspace       used 61980K, capacity 64116K, committed 64472K, reserved 1105920K
  class space    used 8353K, capacity 8849K, committed 8960K, reserved 1048576K
GC Heap History (10 events):
Event: 21.705 GC heap before
{Heap before GC invocations=11 (full 2):
 PSYoungGen      total 131072K, used 10570K [0x00000000e0000000, 0x00000000ec300000, 0x0000000100000000)
  eden space 120320K, 0% used [0x00000000e0000000,0x00000000e0000000,0x00000000e7580000)
  from space 10752K, 98% used [0x00000000e7580000,0x00000000e7fd2890,0x00000000e8000000)
  to   space 11776K, 0% used [0x00000000eb780000,0x00000000eb780000,0x00000000ec300000)
 ParOldGen       total 52736K, used 8768K [0x00000000a0000000, 0x00000000a3380000, 0x00000000e0000000)
  object space 52736K, 16% used [0x00000000a0000000,0x00000000a0890218,0x00000000a3380000)
 Metaspace       used 34609K, capacity 35366K, committed 35456K, reserved 1079296K
  class space    used 4758K, capacity 4962K, committed 4992K, reserved 1048576K
Event: 21.799 GC heap after
Heap after GC invocations=11 (full 2):
 PSYoungGen      total 131072K, used 0K [0x00000000e0000000, 0x00000000ec300000, 0x0000000100000000)
  eden space 120320K, 0% used [0x00000000e0000000,0x00000000e0000000,0x00000000e7580000)
  from space 10752K, 0% used [0x00000000e7580000,0x00000000e7580000,0x00000000e8000000)
  to   space 11776K, 0% used [0x00000000eb780000,0x00000000eb780000,0x00000000ec300000)
 ParOldGen       total 74752K, used 17681K [0x00000000a0000000, 0x00000000a4900000, 0x00000000e0000000)
  object space 74752K, 23% used [0x00000000a0000000,0x00000000a11446d8,0x00000000a4900000)
 Metaspace       used 34586K, capacity 35288K, committed 35456K, reserved 1079296K
  class space    used 4751K, capacity 4949K, committed 4992K, reserved 1048576K
}
Event: 24.569 GC heap before
{Heap before GC invocations=12 (full 2):
 PSYoungGen      total 131072K, used 120320K [0x00000000e0000000, 0x00000000ec300000, 0x0000000100000000)
  eden space 120320K, 100% used [0x00000000e0000000,0x00000000e7580000,0x00000000e7580000)
  from space 10752K, 0% used [0x00000000e7580000,0x00000000e7580000,0x00000000e8000000)
  to   space 11776K, 0% used [0x00000000eb780000,0x00000000eb780000,0x00000000ec300000)
 ParOldGen       total 74752K, used 17681K [0x00000000a0000000, 0x00000000a4900000, 0x00000000e0000000)
  object space 74752K, 23% used [0x00000000a0000000,0x00000000a11446d8,0x00000000a4900000)
 Metaspace       used 45578K, capacity 46714K, committed 46976K, reserved 1089536K
  class space    used 6131K, capacity 6450K, committed 6528K, reserved 1048576K
Event: 24.591 GC heap after
Heap after GC invocations=12 (full 2):
 PSYoungGen      total 177152K, used 11759K [0x00000000e0000000, 0x00000000ec300000, 0x0000000100000000)
  eden space 165376K, 0% used [0x00000000e0000000,0x00000000e0000000,0x00000000ea180000)
  from space 11776K, 99% used [0x00000000eb780000,0x00000000ec2fbce8,0x00000000ec300000)
  to   space 14336K, 0% used [0x00000000ea700000,0x00000000ea700000,0x00000000eb500000)
 ParOldGen       total 74752K, used 21557K [0x00000000a0000000, 0x00000000a4900000, 0x00000000e0000000)
  object space 74752K, 28% used [0x00000000a0000000,0x00000000a150d6c0,0x00000000a4900000)
 Metaspace       used 45578K, capacity 46714K, committed 46976K, reserved 1089536K
  class space    used 6131K, capacity 6450K, committed 6528K, reserved 1048576K
}
Event: 28.411 GC heap before
{Heap before GC invocations=13 (full 2):
 PSYoungGen      total 177152K, used 156384K [0x00000000e0000000, 0x00000000ec300000, 0x0000000100000000)
  eden space 165376K, 87% used [0x00000000e0000000,0x00000000e8d3c6b0,0x00000000ea180000)
  from space 11776K, 99% used [0x00000000eb780000,0x00000000ec2fbce8,0x00000000ec300000)
  to   space 14336K, 0% used [0x00000000ea700000,0x00000000ea700000,0x00000000eb500000)
 ParOldGen       total 74752K, used 21557K [0x00000000a0000000, 0x00000000a4900000, 0x00000000e0000000)
  object space 74752K, 28% used [0x00000000a0000000,0x00000000a150d6c0,0x00000000a4900000)
 Metaspace       used 57518K, capacity 59052K, committed 59096K, reserved 1099776K
  class space    used 7784K, capacity 8179K, committed 8192K, reserved 1048576K
Event: 28.473 GC heap after
Heap after GC invocations=13 (full 2):
 PSYoungGen      total 185344K, used 14323K [0x00000000e0000000, 0x00000000f0400000, 0x0000000100000000)
  eden space 171008K, 0% used [0x00000000e0000000,0x00000000e0000000,0x00000000ea700000)
  from space 14336K, 99% used [0x00000000ea700000,0x00000000eb4fcc10,0x00000000eb500000)
  to   space 19456K, 0% used [0x00000000ef100000,0x00000000ef100000,0x00000000f0400000)
 ParOldGen       total 74752K, used 30960K [0x00000000a0000000, 0x00000000a4900000, 0x00000000e0000000)
  object space 74752K, 41% used [0x00000000a0000000,0x00000000a1e3c088,0x00000000a4900000)
 Metaspace       used 57518K, capacity 59052K, committed 59096K, reserved 1099776K
  class space    used 7784K, capacity 8179K, committed 8192K, reserved 1048576K
}
Event: 28.473 GC heap before
{Heap before GC invocations=14 (full 3):
 PSYoungGen      total 185344K, used 14323K [0x00000000e0000000, 0x00000000f0400000, 0x0000000100000000)
  eden space 171008K, 0% used [0x00000000e0000000,0x00000000e0000000,0x00000000ea700000)
  from space 14336K, 99% used [0x00000000ea700000,0x00000000eb4fcc10,0x00000000eb500000)
  to   space 19456K, 0% used [0x00000000ef100000,0x00000000ef100000,0x00000000f0400000)
 ParOldGen       total 74752K, used 30960K [0x00000000a0000000, 0x00000000a4900000, 0x00000000e0000000)
  object space 74752K, 41% used [0x00000000a0000000,0x00000000a1e3c088,0x00000000a4900000)
 Metaspace       used 57518K, capacity 59052K, committed 59096K, reserved 1099776K
  class space    used 7784K, capacity 8179K, committed 8192K, reserved 1048576K
Event: 28.835 GC heap after
Heap after GC invocations=14 (full 3):
 PSYoungGen      total 185344K, used 0K [0x00000000e0000000, 0x00000000f0400000, 0x0000000100000000)
  eden space 171008K, 0% used [0x00000000e0000000,0x00000000e0000000,0x00000000ea700000)
  from space 14336K, 0% used [0x00000000ea700000,0x00000000ea700000,0x00000000eb500000)
  to   space 19456K, 0% used [0x00000000ef100000,0x00000000ef100000,0x00000000f0400000)
 ParOldGen       total 117760K, used 38600K [0x00000000a0000000, 0x00000000a7300000, 0x00000000e0000000)
  object space 117760K, 32% used [0x00000000a0000000,0x00000000a25b2048,0x00000000a7300000)
 Metaspace       used 57518K, capacity 59052K, committed 59096K, reserved 1099776K
  class space    used 7784K, capacity 8179K, committed 8192K, reserved 1048576K
}
Event: 34.133 GC heap before
{Heap before GC invocations=15 (full 3):
 PSYoungGen      total 185344K, used 171008K [0x00000000e0000000, 0x00000000f0400000, 0x0000000100000000)
  eden space 171008K, 100% used [0x00000000e0000000,0x00000000ea700000,0x00000000ea700000)
  from space 14336K, 0% used [0x00000000ea700000,0x00000000ea700000,0x00000000eb500000)
  to   space 19456K, 0% used [0x00000000ef100000,0x00000000ef100000,0x00000000f0400000)
 ParOldGen       total 117760K, used 38600K [0x00000000a0000000, 0x00000000a7300000, 0x00000000e0000000)
  object space 117760K, 32% used [0x00000000a0000000,0x00000000a25b2048,0x00000000a7300000)
 Metaspace       used 61313K, capacity 63314K, committed 63576K, reserved 1103872K
  class space    used 8286K, capacity 8742K, committed 8832K, reserved 1048576K
Event: 34.218 GC heap after
Heap after GC invocations=15 (full 3):
 PSYoungGen      total 231936K, used 19424K [0x00000000e0000000, 0x00000000f0400000, 0x0000000100000000)
  eden space 212480K, 0% used [0x00000000e0000000,0x00000000e0000000,0x00000000ecf80000)
  from space 19456K, 99% used [0x00000000ef100000,0x00000000f03f8050,0x00000000f0400000)
  to   space 25088K, 0% used [0x00000000ed300000,0x00000000ed300000,0x00000000eeb80000)
 ParOldGen       total 117760K, used 47057K [0x00000000a0000000, 0x00000000a7300000, 0x00000000e0000000)
  object space 117760K, 39% used [0x00000000a0000000,0x00000000a2df47c8,0x00000000a7300000)
 Metaspace       used 61313K, capacity 63314K, committed 63576K, reserved 1103872K
  class space    used 8286K, capacity 8742K, committed 8832K, reserved 1048576K
}

