# JRE version: OpenJDK Runtime Environment (8.0_202-b03) (build 1.8.0_202-release-1483-b03)
# Java VM: OpenJDK 64-Bit Server VM (25.202-b03 mixed mode windows-amd64 compressed oops)
Heap:
 PSYoungGen      total 297472K, used 86378K [0x00000000e0000000, 0x00000000f8280000, 0x0000000100000000)
  eden space 254976K, 33% used [0x00000000e0000000,0x00000000e545abd0,0x00000000ef900000)
  from space 42496K, 0% used [0x00000000ef900000,0x00000000ef900000,0x00000000f2280000)
  to   space 40960K, 0% used [0x00000000f5a80000,0x00000000f5a80000,0x00000000f8280000)
 ParOldGen       total 158720K, used 145527K [0x00000000a0000000, 0x00000000a9b00000, 0x00000000e0000000)
  object space 158720K, 91% used [0x00000000a0000000,0x00000000a8e1dd68,0x00000000a9b00000)
 Metaspace       used 85753K, capacity 88672K, committed 90584K, reserved 1128448K
  class space    used 10972K, capacity 11605K, committed 12032K, reserved 1048576K
GC Heap History (10 events):
Event: 94.472 GC heap before
{Heap before GC invocations=18 (full 3):
 PSYoungGen      total 251904K, used 238560K [0x00000000e0000000, 0x00000000f1780000, 0x0000000100000000)
  eden space 224768K, 100% used [0x00000000e0000000,0x00000000edb80000,0x00000000edb80000)
  from space 27136K, 50% used [0x00000000efd00000,0x00000000f0a78360,0x00000000f1780000)
  to   space 30720K, 0% used [0x00000000edb80000,0x00000000edb80000,0x00000000ef980000)
 ParOldGen       total 135168K, used 78232K [0x00000000a0000000, 0x00000000a8400000, 0x00000000e0000000)
  object space 135168K, 57% used [0x00000000a0000000,0x00000000a4c662b0,0x00000000a8400000)
 Metaspace       used 74090K, capacity 76556K, committed 76760K, reserved 1116160K
  class space    used 9604K, capacity 10157K, committed 10240K, reserved 1048576K
Event: 94.705 GC heap after
Heap after GC invocations=18 (full 3):
 PSYoungGen      total 255488K, used 20398K [0x00000000e0000000, 0x00000000f4180000, 0x0000000100000000)
  eden space 224768K, 0% used [0x00000000e0000000,0x00000000e0000000,0x00000000edb80000)
  from space 30720K, 66% used [0x00000000edb80000,0x00000000eef6ba20,0x00000000ef980000)
  to   space 31744K, 0% used [0x00000000f2280000,0x00000000f2280000,0x00000000f4180000)
 ParOldGen       total 135168K, used 78248K [0x00000000a0000000, 0x00000000a8400000, 0x00000000e0000000)
  object space 135168K, 57% used [0x00000000a0000000,0x00000000a4c6a2b0,0x00000000a8400000)
 Metaspace       used 74090K, capacity 76556K, committed 76760K, reserved 1116160K
  class space    used 9604K, capacity 10157K, committed 10240K, reserved 1048576K
}
Event: 97.415 GC heap before
{Heap before GC invocations=19 (full 3):
 PSYoungGen      total 255488K, used 245166K [0x00000000e0000000, 0x00000000f4180000, 0x0000000100000000)
  eden space 224768K, 100% used [0x00000000e0000000,0x00000000edb80000,0x00000000edb80000)
  from space 30720K, 66% used [0x00000000edb80000,0x00000000eef6ba20,0x00000000ef980000)
  to   space 31744K, 0% used [0x00000000f2280000,0x00000000f2280000,0x00000000f4180000)
 ParOldGen       total 135168K, used 78248K [0x00000000a0000000, 0x00000000a8400000, 0x00000000e0000000)
  object space 135168K, 57% used [0x00000000a0000000,0x00000000a4c6a2b0,0x00000000a8400000)
 Metaspace       used 79072K, capacity 82156K, committed 82264K, reserved 1120256K
  class space    used 10424K, capacity 11109K, committed 11136K, reserved 1048576K
Event: 98.078 GC heap after
Heap after GC invocations=19 (full 3):
 PSYoungGen      total 286720K, used 31730K [0x00000000e0000000, 0x00000000f8300000, 0x0000000100000000)
  eden space 254976K, 0% used [0x00000000e0000000,0x00000000e0000000,0x00000000ef900000)
  from space 31744K, 99% used [0x00000000f2280000,0x00000000f417c878,0x00000000f4180000)
  to   space 42496K, 0% used [0x00000000ef900000,0x00000000ef900000,0x00000000f2280000)
 ParOldGen       total 135168K, used 95600K [0x00000000a0000000, 0x00000000a8400000, 0x00000000e0000000)
  object space 135168K, 70% used [0x00000000a0000000,0x00000000a5d5c050,0x00000000a8400000)
 Metaspace       used 79072K, capacity 82156K, committed 82264K, reserved 1120256K
  class space    used 10424K, capacity 11109K, committed 11136K, reserved 1048576K
}
Event: 221.840 GC heap before
{Heap before GC invocations=20 (full 3):
 PSYoungGen      total 286720K, used 286706K [0x00000000e0000000, 0x00000000f8300000, 0x0000000100000000)
  eden space 254976K, 100% used [0x00000000e0000000,0x00000000ef900000,0x00000000ef900000)
  from space 31744K, 99% used [0x00000000f2280000,0x00000000f417c878,0x00000000f4180000)
  to   space 42496K, 0% used [0x00000000ef900000,0x00000000ef900000,0x00000000f2280000)
 ParOldGen       total 135168K, used 95600K [0x00000000a0000000, 0x00000000a8400000, 0x00000000e0000000)
  object space 135168K, 70% used [0x00000000a0000000,0x00000000a5d5c050,0x00000000a8400000)
 Metaspace       used 85404K, capacity 89146K, committed 89432K, reserved 1126400K
  class space    used 11016K, capacity 11792K, committed 11904K, reserved 1048576K
Event: 222.361 GC heap after
Heap after GC invocations=20 (full 3):
 PSYoungGen      total 297472K, used 19778K [0x00000000e0000000, 0x00000000f8280000, 0x0000000100000000)
  eden space 254976K, 0% used [0x00000000e0000000,0x00000000e0000000,0x00000000ef900000)
  from space 42496K, 46% used [0x00000000ef900000,0x00000000f0c50818,0x00000000f2280000)
  to   space 40960K, 0% used [0x00000000f5a80000,0x00000000f5a80000,0x00000000f8280000)
 ParOldGen       total 135168K, used 106199K [0x00000000a0000000, 0x00000000a8400000, 0x00000000e0000000)
  object space 135168K, 78% used [0x00000000a0000000,0x00000000a67b5d40,0x00000000a8400000)
 Metaspace       used 85404K, capacity 89146K, committed 89432K, reserved 1126400K
  class space    used 11016K, capacity 11792K, committed 11904K, reserved 1048576K
}
Event: 237.908 GC heap before
{Heap before GC invocations=21 (full 3):
 PSYoungGen      total 297472K, used 273930K [0x00000000e0000000, 0x00000000f8280000, 0x0000000100000000)
  eden space 254976K, 99% used [0x00000000e0000000,0x00000000ef832098,0x00000000ef900000)
  from space 42496K, 46% used [0x00000000ef900000,0x00000000f0c50818,0x00000000f2280000)
  to   space 40960K, 0% used [0x00000000f5a80000,0x00000000f5a80000,0x00000000f8280000)
 ParOldGen       total 135168K, used 106199K [0x00000000a0000000, 0x00000000a8400000, 0x00000000e0000000)
  object space 135168K, 78% used [0x00000000a0000000,0x00000000a67b5d40,0x00000000a8400000)
 Metaspace       used 86564K, capacity 90362K, committed 90584K, reserved 1128448K
  class space    used 11184K, capacity 11954K, committed 12032K, reserved 1048576K
Event: 238.396 GC heap after
Heap after GC invocations=21 (full 3):
 PSYoungGen      total 297472K, used 273930K [0x00000000e0000000, 0x00000000f8280000, 0x0000000100000000)
  eden space 254976K, 99% used [0x00000000e0000000,0x00000000ef832098,0x00000000ef900000)
  from space 42496K, 46% used [0x00000000ef900000,0x00000000f0c50818,0x00000000f2280000)
  to   space 40960K, 99% used [0x00000000f5a80000,0x00000000f827e7a0,0x00000000f8280000)
 ParOldGen       total 158720K, used 158676K [0x00000000a0000000, 0x00000000a9b00000, 0x00000000e0000000)
  object space 158720K, 99% used [0x00000000a0000000,0x00000000a9af5078,0x00000000a9b00000)
 Metaspace       used 86564K, capacity 90362K, committed 90584K, reserved 1128448K
  class space    used 11184K, capacity 11954K, committed 12032K, reserved 1048576K
}
Event: 238.397 GC heap before
{Heap before GC invocations=22 (full 4):
 PSYoungGen      total 297472K, used 273930K [0x00000000e0000000, 0x00000000f8280000, 0x0000000100000000)
  eden space 254976K, 99% used [0x00000000e0000000,0x00000000ef832098,0x00000000ef900000)
  from space 42496K, 46% used [0x00000000ef900000,0x00000000f0c50818,0x00000000f2280000)
  to   space 40960K, 99% used [0x00000000f5a80000,0x00000000f827e7a0,0x00000000f8280000)
 ParOldGen       total 158720K, used 158676K [0x00000000a0000000, 0x00000000a9b00000, 0x00000000e0000000)
  object space 158720K, 99% used [0x00000000a0000000,0x00000000a9af5078,0x00000000a9b00000)
 Metaspace       used 86564K, capacity 90362K, committed 90584K, reserved 1128448K
  class space    used 11184K, capacity 11954K, committed 12032K, reserved 1048576K
Event: 240.834 GC heap after
Heap after GC invocations=22 (full 4):
 PSYoungGen      total 297472K, used 0K [0x00000000e0000000, 0x00000000f8280000, 0x0000000100000000)
  eden space 254976K, 0% used [0x00000000e0000000,0x00000000e0000000,0x00000000ef900000)
  from space 42496K, 0% used [0x00000000ef900000,0x00000000ef900000,0x00000000f2280000)
  to   space 40960K, 0% used [0x00000000f5a80000,0x00000000f5a80000,0x00000000f8280000)
 ParOldGen       total 158720K, used 145527K [0x00000000a0000000, 0x00000000a9b00000, 0x00000000e0000000)
  object space 158720K, 91% used [0x00000000a0000000,0x00000000a8e1dd68,0x00000000a9b00000)
 Metaspace       used 85747K, capacity 88672K, committed 90584K, reserved 1128448K
  class space    used 10972K, capacity 11605K, committed 12032K, reserved 1048576K
}

